2.3701 	WARNING 	Movie2 stim could not be imported and won't be available
9.9792 	EXP 	Created window1 = Window(allowGUI=True, allowStencil=False, autoLog=True, bitsMode=UNKNOWN, blendMode=u'avg', color=u'black', colorSpace='named', fullscr=UNKNOWN, gamma=None, lms=UNKNOWN, monitor=<psychopy.monitors.calibTools.Monitor instance at 0x05142CB0>, name='window1', pos=[0, 0], screen=0, size=array([1920, 1080]), stereo=False, units=u'norm', useFBO=True, viewOri=0.0, viewPos=None, viewScale=None, waitBlanking=True, winType='pyglet')
9.9793 	EXP 	window1: recordFrameIntervals = False
10.1415 	EXP 	window1: recordFrameIntervals = True
10.3249 	EXP 	window1: recordFrameIntervals = False
10.4391 	EXP 	Created PreAuctionText = TextStim(alignHoriz='center', alignVert='center', antialias=True, autoLog=True, bold=False, color=u'white', colorSpace='named', contrast=1.0, depth=0.0, flipHoriz=False, flipVert=False, font=u'Arial', fontFiles=[], height=0.06, italic=False, name='PreAuctionText', opacity=1.0, ori=0, pos=array([ 0.,  0.]), rgb=array([ 255.,  255.,  255.]), text=unicode(...), units=u'norm', win=Window(...), wrapWidth=1)
10.4446 	EXP 	PreAuctionText: autoDraw = True
195.7209 	DATA 	Keypress: space
195.7487 	EXP 	Created pic_auc_itm = ImageStim(autoLog=True, color=array([ 1.,  1.,  1.]), colorSpace=u'rgb', contrast=1.0, depth=0.0, flipHoriz=False, flipVert=False, image='images/37_trail_mix.png', interpolate=False, mask=None, maskParams=None, name='pic_auc_itm', opacity=1.0, ori=0.0, pos=array([ 0.,  0.]), size=array([ 0.42291667,  0.75185185]), texRes=128, units=u'norm', win=Window(...))
195.7738 	EXP 	Created auc_txt1 = TextStim(alignHoriz='center', alignVert='center', antialias=True, autoLog=True, bold=False, color=u'white', colorSpace='named', contrast=1.0, depth=0.0, flipHoriz=False, flipVert=False, font=u'Arial', fontFiles=[], height=0.07, italic=False, name='auc_txt1', opacity=1.0, ori=0, pos=array([ 0. ,  0.6]), rgb=array([ 255.,  255.,  255.]), text=unicode(...), units=u'norm', win=Window(...), wrapWidth=1)
195.7873 	EXP 	Created auc_txt2 = TextStim(alignHoriz='center', alignVert='center', antialias=True, autoLog=True, bold=False, color=u'white', colorSpace='named', contrast=1.0, depth=0.0, flipHoriz=False, flipVert=False, font=u'Arial', fontFiles=[], height=0.07, italic=False, name='auc_txt2', opacity=1.0, ori=0, pos=array([ 0. , -0.6]), rgb=array([ 255.,  255.,  255.]), text=unicode(...), units=u'norm', win=Window(...), wrapWidth=1)
195.7910 	EXP 	PreAuctionText: autoDraw = False
196.0206 	EXP 	pic_auc_itm: autoDraw = True
196.0206 	EXP 	auc_txt1: autoDraw = True
196.0206 	EXP 	auc_txt2: autoDraw = True
204.9040 	DATA 	Keypress: space
204.9116 	EXP 	Created pymt_disp_txt1 = TextStim(alignHoriz='center', alignVert='center', antialias=True, autoLog=True, bold=False, color=u'white', colorSpace='named', contrast=1.0, depth=0.0, flipHoriz=False, flipVert=False, font=u'Arial', fontFiles=[], height=0.07, italic=False, name='pymt_disp_txt1', opacity=1.0, ori=0, pos=array([ 0. ,  0.6]), rgb=array([ 255.,  255.,  255.]), text=unicode(...), units=u'norm', win=Window(...), wrapWidth=1.5)
204.9214 	EXP 	Created pymt_disp_txt2 = TextStim(alignHoriz='center', alignVert='center', antialias=True, autoLog=True, bold=False, color=u'white', colorSpace='named', contrast=1.0, depth=0.0, flipHoriz=False, flipVert=False, font=u'Arial', fontFiles=[], height=0.07, italic=False, name='pymt_disp_txt2', opacity=1.0, ori=0, pos=array([ 0.  , -0.65]), rgb=array([ 255.,  255.,  255.]), text=unicode(...), units=u'norm', win=Window(...), wrapWidth=1)
204.9264 	EXP 	pic_auc_itm: autoDraw = False
204.9264 	EXP 	auc_txt1: autoDraw = False
204.9264 	EXP 	auc_txt2: autoDraw = False
204.9264 	EXP 	pic_auc_itm: autoDraw = True
204.9264 	EXP 	pymt_disp_txt1: autoDraw = True
204.9264 	EXP 	pymt_disp_txt2: autoDraw = True
924.0251 	DATA 	Mouse: Left button down, pos=(971,573)
924.1716 	DATA 	Mouse: Left button up, pos=(971,573)
924.4883 	DATA 	Keypress: space
