2.4420 	WARNING 	Movie2 stim could not be imported and won't be available
10.4482 	EXP 	Created window1 = Window(allowGUI=True, allowStencil=False, autoLog=True, bitsMode=UNKNOWN, blendMode=u'avg', color=u'black', colorSpace='named', fullscr=UNKNOWN, gamma=None, lms=UNKNOWN, monitor=<psychopy.monitors.calibTools.Monitor instance at 0x04F46CB0>, name='window1', pos=[0, 0], screen=0, size=array([1920, 1080]), stereo=False, units=u'norm', useFBO=True, viewOri=0.0, viewPos=None, viewScale=None, waitBlanking=True, winType='pyglet')
10.4483 	EXP 	window1: recordFrameIntervals = False
10.6106 	EXP 	window1: recordFrameIntervals = True
10.7940 	EXP 	window1: recordFrameIntervals = False
10.9161 	EXP 	Created PreAuctionText = TextStim(alignHoriz='center', alignVert='center', antialias=True, autoLog=True, bold=False, color=u'white', colorSpace='named', contrast=1.0, depth=0.0, flipHoriz=False, flipVert=False, font=u'Arial', fontFiles=[], height=0.06, italic=False, name='PreAuctionText', opacity=1.0, ori=0, pos=array([ 0.,  0.]), rgb=array([ 255.,  255.,  255.]), text=unicode(...), units=u'norm', win=Window(...), wrapWidth=1)
10.9218 	EXP 	PreAuctionText: autoDraw = True
29.8767 	DATA 	Keypress: space
29.9036 	EXP 	Created pic_auc_itm = ImageStim(autoLog=True, color=array([ 1.,  1.,  1.]), colorSpace=u'rgb', contrast=1.0, depth=0.0, flipHoriz=False, flipVert=False, image='images/47_daim.png', interpolate=False, mask=None, maskParams=None, name='pic_auc_itm', opacity=1.0, ori=0.0, pos=array([ 0.,  0.]), size=array([ 0.42291667,  0.75185185]), texRes=128, units=u'norm', win=Window(...))
29.9313 	EXP 	Created auc_txt1 = TextStim(alignHoriz='center', alignVert='center', antialias=True, autoLog=True, bold=False, color=u'white', colorSpace='named', contrast=1.0, depth=0.0, flipHoriz=False, flipVert=False, font=u'Arial', fontFiles=[], height=0.07, italic=False, name='auc_txt1', opacity=1.0, ori=0, pos=array([ 0. ,  0.6]), rgb=array([ 255.,  255.,  255.]), text=unicode(...), units=u'norm', win=Window(...), wrapWidth=1)
29.9455 	EXP 	Created auc_txt2 = TextStim(alignHoriz='center', alignVert='center', antialias=True, autoLog=True, bold=False, color=u'white', colorSpace='named', contrast=1.0, depth=0.0, flipHoriz=False, flipVert=False, font=u'Arial', fontFiles=[], height=0.07, italic=False, name='auc_txt2', opacity=1.0, ori=0, pos=array([ 0. , -0.6]), rgb=array([ 255.,  255.,  255.]), text=unicode(...), units=u'norm', win=Window(...), wrapWidth=1)
29.9492 	EXP 	PreAuctionText: autoDraw = False
30.1765 	EXP 	pic_auc_itm: autoDraw = True
30.1765 	EXP 	auc_txt1: autoDraw = True
30.1765 	EXP 	auc_txt2: autoDraw = True
33.0269 	DATA 	Keypress: space
33.0345 	EXP 	Created pymt_disp_txt1 = TextStim(alignHoriz='center', alignVert='center', antialias=True, autoLog=True, bold=False, color=u'white', colorSpace='named', contrast=1.0, depth=0.0, flipHoriz=False, flipVert=False, font=u'Arial', fontFiles=[], height=0.07, italic=False, name='pymt_disp_txt1', opacity=1.0, ori=0, pos=array([ 0. ,  0.6]), rgb=array([ 255.,  255.,  255.]), text=unicode(...), units=u'norm', win=Window(...), wrapWidth=1.5)
33.0455 	EXP 	Created pymt_disp_txt2 = TextStim(alignHoriz='center', alignVert='center', antialias=True, autoLog=True, bold=False, color=u'white', colorSpace='named', contrast=1.0, depth=0.0, flipHoriz=False, flipVert=False, font=u'Arial', fontFiles=[], height=0.07, italic=False, name='pymt_disp_txt2', opacity=1.0, ori=0, pos=array([ 0.  , -0.65]), rgb=array([ 255.,  255.,  255.]), text=unicode(...), units=u'norm', win=Window(...), wrapWidth=1)
33.0499 	EXP 	pic_auc_itm: autoDraw = False
33.0499 	EXP 	auc_txt1: autoDraw = False
33.0499 	EXP 	auc_txt2: autoDraw = False
33.0499 	EXP 	pymt_disp_txt1: autoDraw = True
33.0499 	EXP 	pymt_disp_txt2: autoDraw = True
149.7232 	DATA 	Keypress: return
154.9563 	DATA 	Keypress: return
155.3228 	DATA 	Keypress: return
156.4561 	DATA 	Keypress: escape
