2.5004 	WARNING 	Movie2 stim could not be imported and won't be available
11.9037 	EXP 	Created window1 = Window(allowGUI=True, allowStencil=False, autoLog=True, bitsMode=UNKNOWN, blendMode=u'avg', color=u'black', colorSpace='named', fullscr=UNKNOWN, gamma=None, lms=UNKNOWN, monitor=<psychopy.monitors.calibTools.Monitor instance at 0x0C91ECB0>, name='window1', pos=[0, 0], screen=0, size=array([1920, 1080]), stereo=False, units=u'norm', useFBO=True, viewOri=0.0, viewPos=None, viewScale=None, waitBlanking=True, winType='pyglet')
11.9038 	EXP 	window1: recordFrameIntervals = False
12.0659 	EXP 	window1: recordFrameIntervals = True
12.2493 	EXP 	window1: recordFrameIntervals = False
12.3595 	EXP 	Created PreAuctionText = TextStim(alignHoriz='center', alignVert='center', antialias=True, autoLog=True, bold=False, color=u'white', colorSpace='named', contrast=1.0, depth=0.0, flipHoriz=False, flipVert=False, font=u'Arial', fontFiles=[], height=0.06, italic=False, name='PreAuctionText', opacity=1.0, ori=0, pos=array([ 0.,  0.]), rgb=array([ 255.,  255.,  255.]), text=unicode(...), units=u'norm', win=Window(...), wrapWidth=1)
12.3660 	EXP 	PreAuctionText: autoDraw = True
21.7657 	DATA 	Keypress: space
21.7910 	EXP 	Created pic_auc_itm = ImageStim(autoLog=True, color=array([ 1.,  1.,  1.]), colorSpace=u'rgb', contrast=1.0, depth=0.0, flipHoriz=False, flipVert=False, image='images/50_nakd_rhubarb_and_custard.png', interpolate=False, mask=None, maskParams=None, name='pic_auc_itm', opacity=1.0, ori=0.0, pos=array([ 0.,  0.]), size=array([ 0.42291667,  0.75185185]), texRes=128, units=u'norm', win=Window(...))
21.8167 	EXP 	Created auc_txt1 = TextStim(alignHoriz='center', alignVert='center', antialias=True, autoLog=True, bold=False, color=u'white', colorSpace='named', contrast=1.0, depth=0.0, flipHoriz=False, flipVert=False, font=u'Arial', fontFiles=[], height=0.07, italic=False, name='auc_txt1', opacity=1.0, ori=0, pos=array([ 0. ,  0.6]), rgb=array([ 255.,  255.,  255.]), text=unicode(...), units=u'norm', win=Window(...), wrapWidth=1)
21.8300 	EXP 	Created auc_txt2 = TextStim(alignHoriz='center', alignVert='center', antialias=True, autoLog=True, bold=False, color=u'white', colorSpace='named', contrast=1.0, depth=0.0, flipHoriz=False, flipVert=False, font=u'Arial', fontFiles=[], height=0.07, italic=False, name='auc_txt2', opacity=1.0, ori=0, pos=array([ 0. , -0.6]), rgb=array([ 255.,  255.,  255.]), text=unicode(...), units=u'norm', win=Window(...), wrapWidth=1)
21.8340 	EXP 	PreAuctionText: autoDraw = False
22.0488 	EXP 	pic_auc_itm: autoDraw = True
22.0488 	EXP 	auc_txt1: autoDraw = True
22.0488 	EXP 	auc_txt2: autoDraw = True
858.8594 	DATA 	Mouse: Left button down, pos=(904,601)
859.0384 	DATA 	Mouse: Left button up, pos=(900,600)
859.2716 	DATA 	Keypress: space
859.2784 	EXP 	Created pymt_disp_txt1 = TextStim(alignHoriz='center', alignVert='center', antialias=True, autoLog=True, bold=False, color=u'white', colorSpace='named', contrast=1.0, depth=0.0, flipHoriz=False, flipVert=False, font=u'Arial', fontFiles=[], height=0.07, italic=False, name='pymt_disp_txt1', opacity=1.0, ori=0, pos=array([ 0. ,  0.6]), rgb=array([ 255.,  255.,  255.]), text=unicode(...), units=u'norm', win=Window(...), wrapWidth=1.5)
859.2888 	EXP 	Created pymt_disp_txt2 = TextStim(alignHoriz='center', alignVert='center', antialias=True, autoLog=True, bold=False, color=u'white', colorSpace='named', contrast=1.0, depth=0.0, flipHoriz=False, flipVert=False, font=u'Arial', fontFiles=[], height=0.07, italic=False, name='pymt_disp_txt2', opacity=1.0, ori=0, pos=array([ 0.  , -0.65]), rgb=array([ 255.,  255.,  255.]), text=unicode(...), units=u'norm', win=Window(...), wrapWidth=1)
859.2931 	EXP 	pic_auc_itm: autoDraw = False
859.2931 	EXP 	auc_txt1: autoDraw = False
859.2931 	EXP 	auc_txt2: autoDraw = False
859.2931 	EXP 	pymt_disp_txt1: autoDraw = True
859.2931 	EXP 	pymt_disp_txt2: autoDraw = True
860.4217 	DATA 	Keypress: space
861.1049 	DATA 	Keypress: space
861.9049 	DATA 	Keypress: return
863.6881 	DATA 	Keypress: space
