2.4096 	WARNING 	Movie2 stim could not be imported and won't be available
13.4753 	EXP 	Created window1 = Window(allowGUI=True, allowStencil=False, autoLog=True, bitsMode=UNKNOWN, blendMode=u'avg', color=u'black', colorSpace='named', fullscr=UNKNOWN, gamma=None, lms=UNKNOWN, monitor=<psychopy.monitors.calibTools.Monitor instance at 0x0514BCB0>, name='window1', pos=[0, 0], screen=0, size=array([1920, 1080]), stereo=False, units=u'norm', useFBO=True, viewOri=0.0, viewPos=None, viewScale=None, waitBlanking=True, winType='pyglet')
13.4754 	EXP 	window1: recordFrameIntervals = False
13.6377 	EXP 	window1: recordFrameIntervals = True
13.8211 	EXP 	window1: recordFrameIntervals = False
13.9421 	EXP 	Created PreAuctionText = TextStim(alignHoriz='center', alignVert='center', antialias=True, autoLog=True, bold=False, color=u'white', colorSpace='named', contrast=1.0, depth=0.0, flipHoriz=False, flipVert=False, font=u'Arial', fontFiles=[], height=0.06, italic=False, name='PreAuctionText', opacity=1.0, ori=0, pos=array([ 0.,  0.]), rgb=array([ 255.,  255.,  255.]), text=unicode(...), units=u'norm', win=Window(...), wrapWidth=1)
13.9480 	EXP 	PreAuctionText: autoDraw = True
38.5204 	DATA 	Keypress: space
38.5500 	EXP 	Created pic_auc_itm = ImageStim(autoLog=True, color=array([ 1.,  1.,  1.]), colorSpace=u'rgb', contrast=1.0, depth=0.0, flipHoriz=False, flipVert=False, image='images/15_jacobs_mini_cheddars.png', interpolate=False, mask=None, maskParams=None, name='pic_auc_itm', opacity=1.0, ori=0.0, pos=array([ 0.,  0.]), size=array([ 0.42291667,  0.75185185]), texRes=128, units=u'norm', win=Window(...))
38.5770 	EXP 	Created auc_txt1 = TextStim(alignHoriz='center', alignVert='center', antialias=True, autoLog=True, bold=False, color=u'white', colorSpace='named', contrast=1.0, depth=0.0, flipHoriz=False, flipVert=False, font=u'Arial', fontFiles=[], height=0.07, italic=False, name='auc_txt1', opacity=1.0, ori=0, pos=array([ 0. ,  0.6]), rgb=array([ 255.,  255.,  255.]), text=unicode(...), units=u'norm', win=Window(...), wrapWidth=1)
38.5907 	EXP 	Created auc_txt2 = TextStim(alignHoriz='center', alignVert='center', antialias=True, autoLog=True, bold=False, color=u'white', colorSpace='named', contrast=1.0, depth=0.0, flipHoriz=False, flipVert=False, font=u'Arial', fontFiles=[], height=0.07, italic=False, name='auc_txt2', opacity=1.0, ori=0, pos=array([ 0. , -0.6]), rgb=array([ 255.,  255.,  255.]), text=unicode(...), units=u'norm', win=Window(...), wrapWidth=1)
38.5944 	EXP 	PreAuctionText: autoDraw = False
38.8200 	EXP 	pic_auc_itm: autoDraw = True
38.8200 	EXP 	auc_txt1: autoDraw = True
38.8200 	EXP 	auc_txt2: autoDraw = True
47.6198 	DATA 	Keypress: space
47.6271 	EXP 	Created pymt_disp_txt1 = TextStim(alignHoriz='center', alignVert='center', antialias=True, autoLog=True, bold=False, color=u'white', colorSpace='named', contrast=1.0, depth=0.0, flipHoriz=False, flipVert=False, font=u'Arial', fontFiles=[], height=0.07, italic=False, name='pymt_disp_txt1', opacity=1.0, ori=0, pos=array([ 0. ,  0.6]), rgb=array([ 255.,  255.,  255.]), text=unicode(...), units=u'norm', win=Window(...), wrapWidth=1.5)
47.6374 	EXP 	Created pymt_disp_txt2 = TextStim(alignHoriz='center', alignVert='center', antialias=True, autoLog=True, bold=False, color=u'white', colorSpace='named', contrast=1.0, depth=0.0, flipHoriz=False, flipVert=False, font=u'Arial', fontFiles=[], height=0.07, italic=False, name='pymt_disp_txt2', opacity=1.0, ori=0, pos=array([ 0.  , -0.65]), rgb=array([ 255.,  255.,  255.]), text=unicode(...), units=u'norm', win=Window(...), wrapWidth=1)
47.6418 	EXP 	pic_auc_itm: autoDraw = False
47.6418 	EXP 	auc_txt1: autoDraw = False
47.6418 	EXP 	auc_txt2: autoDraw = False
47.6418 	EXP 	pymt_disp_txt1: autoDraw = True
47.6418 	EXP 	pymt_disp_txt2: autoDraw = True
478.0879 	DATA 	Keypress: return
482.1543 	DATA 	Keypress: return
486.2711 	DATA 	Keypress: space
